<?xml version="1.0" encoding="UTF-8"?>
<!-- Generated by org.testng.reporters.JUnitReportReporter -->
<testsuite skipped="0" hostname="DESKTOP-F3S2J0I" name="com.test.TestHelloWorld" tests="1" failures="0" timestamp="2021-11-18T00:24:03 EST" time="0.005" errors="0">
  <testcase name="testHello" time="0.005" classname="com.test.TestHelloWorld"/>
  <system-out/>
</testsuite> <!-- com.test.TestHelloWorld -->
